Using pre-set license
Built from '2022.2/release' branch; Version is '2022.2.1f1 (4fead5835099) revision 5237461'; Using compiler version '192829333'; Build Type 'Release'
OS: 'Windows 10  (10.0.19045) 64bit Professional' Language: 'ru' Physical Memory: 32754 MB
BatchMode: 1, IsHumanControllingUs: 0, StartBugReporterOnCrash: 0, Is64bit: 1, IsPro: 1

COMMAND LINE ARGUMENTS:
C:\Program Files\Unity\Hub\Editor\2022.2.1f1\Editor\Unity.exe
-adb2
-batchMode
-noUpm
-name
AssetImportWorker4
-projectPath
C:/GitHub/unity-Swamp-Defender-main/Swamp-Defender/ShrekGame/Swamp-Defender
-logFile
Logs/AssetImportWorker4.log
-srvPort
2352
Successfully changed project path to: C:/GitHub/unity-Swamp-Defender-main/Swamp-Defender/ShrekGame/Swamp-Defender
C:/GitHub/unity-Swamp-Defender-main/Swamp-Defender/ShrekGame/Swamp-Defender
[UnityMemory] Configuration Parameters - Can be set up in boot.config
    "memorysetup-bucket-allocator-granularity=16"
    "memorysetup-bucket-allocator-bucket-count=8"
    "memorysetup-bucket-allocator-block-size=33554432"
    "memorysetup-bucket-allocator-block-count=8"
    "memorysetup-main-allocator-block-size=16777216"
    "memorysetup-thread-allocator-block-size=16777216"
    "memorysetup-gfx-main-allocator-block-size=16777216"
    "memorysetup-gfx-thread-allocator-block-size=16777216"
    "memorysetup-cache-allocator-block-size=4194304"
    "memorysetup-typetree-allocator-block-size=2097152"
    "memorysetup-profiler-bucket-allocator-granularity=16"
    "memorysetup-profiler-bucket-allocator-bucket-count=8"
    "memorysetup-profiler-bucket-allocator-block-size=33554432"
    "memorysetup-profiler-bucket-allocator-block-count=8"
    "memorysetup-profiler-allocator-block-size=16777216"
    "memorysetup-profiler-editor-allocator-block-size=1048576"
    "memorysetup-temp-allocator-size-main=16777216"
    "memorysetup-job-temp-allocator-block-size=2097152"
    "memorysetup-job-temp-allocator-block-size-background=1048576"
    "memorysetup-job-temp-allocator-reduction-small-platforms=262144"
    "memorysetup-temp-allocator-size-background-worker=32768"
    "memorysetup-temp-allocator-size-job-worker=262144"
    "memorysetup-temp-allocator-size-preload-manager=33554432"
    "memorysetup-temp-allocator-size-nav-mesh-worker=65536"
    "memorysetup-temp-allocator-size-audio-worker=65536"
    "memorysetup-temp-allocator-size-cloud-worker=32768"
    "memorysetup-temp-allocator-size-gi-baking-worker=262144"
    "memorysetup-temp-allocator-size-gfx=262144"
Player connection [15052] Host "[IP] 192.168.68.104 [Port] 0 [Flags] 2 [Guid] 172366382 [EditorId] 172366382 [Version] 1048832 [Id] WindowsEditor(7,DESKTOP-DF8069A) [Debug] 1 [PackageName] WindowsEditor [ProjectName] Editor" joined multi-casting on [225.0.0.222:54997]...

Player connection [15052] Host "[IP] 192.168.68.104 [Port] 0 [Flags] 2 [Guid] 172366382 [EditorId] 172366382 [Version] 1048832 [Id] WindowsEditor(7,DESKTOP-DF8069A) [Debug] 1 [PackageName] WindowsEditor [ProjectName] Editor" joined alternative multi-casting on [225.0.0.222:34997]...

Refreshing native plugins compatible for Editor in 24.81 ms, found 3 plugins.
Preloading 0 native plugins for Editor in 0.00 ms.
Initialize engine version: 2022.2.1f1 (4fead5835099)
[Subsystems] Discovering subsystems at path C:/Program Files/Unity/Hub/Editor/2022.2.1f1/Editor/Data/Resources/UnitySubsystems
[Subsystems] Discovering subsystems at path C:/GitHub/unity-Swamp-Defender-main/Swamp-Defender/ShrekGame/Swamp-Defender/Assets
GfxDevice: creating device client; threaded=0; jobified=0
Direct3D:
    Version:  Direct3D 11.0 [level 11.1]
    Renderer: AMD Radeon RX 6600 (ID=0x73ff)
    Vendor:   ATI
    VRAM:     8147 MB
    Driver:   31.0.22023.1014
Initialize mono
Mono path[0] = 'C:/Program Files/Unity/Hub/Editor/2022.2.1f1/Editor/Data/Managed'
Mono path[1] = 'C:/Program Files/Unity/Hub/Editor/2022.2.1f1/Editor/Data/MonoBleedingEdge/lib/mono/unityjit-win32'
Mono config path = 'C:/Program Files/Unity/Hub/Editor/2022.2.1f1/Editor/Data/MonoBleedingEdge/etc'
Using monoOptions --debugger-agent=transport=dt_socket,embedding=1,server=y,suspend=n,address=127.0.0.1:56048
Begin MonoManager ReloadAssembly
Registering precompiled unity dll's ...
Register platform support module: C:/Program Files/Unity/Hub/Editor/2022.2.1f1/Editor/Data/PlaybackEngines/WindowsStandaloneSupport/UnityEditor.WindowsStandalone.Extensions.dll
Registered in 0.028830 seconds.
- Loaded All Assemblies, in  0.558 seconds
Native extension for WindowsStandalone target not found
Mono: successfully reloaded assembly
- Finished resetting the current domain, in  0.412 seconds
Domain Reload Profiling:
	ReloadAssembly (351ms)
		BeginReloadAssembly (141ms)
			ExecutionOrderSort (0ms)
			DisableScriptedObjects (0ms)
			BackupInstance (0ms)
			ReleaseScriptingObjects (0ms)
			CreateAndSetChildDomain (1ms)
		LoadAllAssembliesAndSetupDomain (0ms)
			LoadAssemblies (134ms)
			RebuildTransferFunctionScriptingTraits (0ms)
			SetupTypeCache (184ms)
				TypeCache.Initialize (183ms)
					TypeCache.ScanAssembly (181ms)
				ResolveRequiredComponents (1ms)
		FinalizeReload (0ms)
			ReleaseScriptCaches (0ms)
			RebuildScriptCaches (0ms)
			SetupLoadedEditorAssemblies (325ms)
				LogAssemblyErrors (0ms)
				InitializePlatformSupportModulesInManaged (20ms)
				SetLoadedEditorAssemblies (11ms)
				RefreshPlugins (0ms)
				BeforeProcessingInitializeOnLoad (2ms)
				ProcessInitializeOnLoadAttributes (217ms)
				ProcessInitializeOnLoadMethodAttributes (76ms)
				AfterProcessingInitializeOnLoad (0ms)
				EditorAssembliesLoaded (0ms)
			ExecutionOrderSort2 (0ms)
			AwakeInstancesAfterBackupRestoration (0ms)
========================================================================
Worker process is ready to serve import requests
Begin MonoManager ReloadAssembly
Symbol file LoadedFromMemory doesn't match image C:\GitHub\unity-Swamp-Defender-main\Swamp-Defender\ShrekGame\Swamp-Defender\Library\PackageCache\com.unity.visualscripting@1.7.8\Editor\VisualScripting.Core\Dependencies\YamlDotNet\Unity.VisualScripting.YamlDotNet.dll
Symbol file LoadedFromMemory doesn't match image C:\GitHub\unity-Swamp-Defender-main\Swamp-Defender\ShrekGame\Swamp-Defender\Library\PackageCache\com.unity.visualscripting@1.7.8\Editor\VisualScripting.Core\Dependencies\DotNetZip\Unity.VisualScripting.IonicZip.dll
- Loaded All Assemblies, in  1.154 seconds
Refreshing native plugins compatible for Editor in 9.70 ms, found 3 plugins.
Native extension for WindowsStandalone target not found
Mono: successfully reloaded assembly
- Finished resetting the current domain, in  0.851 seconds
Domain Reload Profiling:
	ReloadAssembly (366ms)
		BeginReloadAssembly (203ms)
			ExecutionOrderSort (0ms)
			DisableScriptedObjects (9ms)
			BackupInstance (0ms)
			ReleaseScriptingObjects (0ms)
			CreateAndSetChildDomain (25ms)
		LoadAllAssembliesAndSetupDomain (775ms)
			LoadAssemblies (161ms)
			RebuildTransferFunctionScriptingTraits (0ms)
			SetupTypeCache (704ms)
				TypeCache.Initialize (429ms)
					TypeCache.ScanAssembly (423ms)
				ResolveRequiredComponents (7ms)
		FinalizeReload (0ms)
			ReleaseScriptCaches (0ms)
			RebuildScriptCaches (0ms)
			SetupLoadedEditorAssemblies (623ms)
				LogAssemblyErrors (0ms)
				InitializePlatformSupportModulesInManaged (15ms)
				SetLoadedEditorAssemblies (11ms)
				RefreshPlugins (0ms)
				BeforeProcessingInitializeOnLoad (128ms)
				ProcessInitializeOnLoadAttributes (403ms)
				ProcessInitializeOnLoadMethodAttributes (39ms)
				AfterProcessingInitializeOnLoad (27ms)
				EditorAssembliesLoaded (0ms)
			ExecutionOrderSort2 (0ms)
			AwakeInstancesAfterBackupRestoration (12ms)
Launched and connected shader compiler UnityShaderCompiler.exe after 0.06 seconds
Refreshing native plugins compatible for Editor in 9.56 ms, found 3 plugins.
Preloading 0 native plugins for Editor in 0.00 ms.
Unloading 3487 Unused Serialized files (Serialized files now loaded: 0)
Unloading 26 unused Assets / (68.7 KB). Loaded Objects now: 3965.
Memory consumption went from 0.54 GB to 0.54 GB.
Total: 4.519400 ms (FindLiveObjects: 0.368300 ms CreateObjectMapping: 0.219600 ms MarkObjects: 3.809100 ms  DeleteObjects: 0.121500 ms)

AssetImportParameters requested are different than current active one (requested -> active):
  custom:container-demuxer-ogg: 62fdf1f143b41e24485cea50d1cbac27 -> 
  custom:video-decoder-ogg-theora: a1e56fd34408186e4bbccfd4996cb3dc -> 
  custom:framework-win-MediaFoundation: 216162199b28c13a410421893ffa2e32 -> 
  custom:container-demuxer-webm: 4f35f7cbe854078d1ac9338744f61a02 -> 
  custom:container-muxer-webm: aa71ff27fc2769a1b78a27578f13a17b -> 
  custom:video-decoder-webm-vp8: 9c59270c3fd7afecdb556c50c9e8de78 -> 
  custom:AudioImporter_EditorPlatform: d09bf68614088b80899f8185d706f6e7 -> 
  custom:video-encoder-webm-vp8: eb34c28f22e8b96e1ab97ce403110664 -> 
  custom:audio-decoder-ogg-vorbis: bf7c407c2cedff20999df2af8eb42d56 -> 
  custom:audio-encoder-webm-vorbis: bf7c407c2cedff20999df2af8eb42d56 -> 
========================================================================
Received Import Request.
  Time since last request: 2935.945314 seconds.
  path: Assets/Magical Potions and Effects/Potion Area Effects
  artifactKey: Guid(ef73d2ac80b12174babfa9770ed4f52f) Importer(815301076,1909f56bfc062723c751e8b465ee728b)
Number of updated assets reloaded before import = 0
Start importing Assets/Magical Potions and Effects/Potion Area Effects using Guid(ef73d2ac80b12174babfa9770ed4f52f) Importer(815301076,1909f56bfc062723c751e8b465ee728b)  -> (artifact id: 'fb03ddcc7b5ffdaf2136039c1009ef3a') in 0.004844 seconds 
Number of asset objects unloaded after import = 0
========================================================================
Received Import Request.
  Time since last request: 1.611473 seconds.
  path: Assets/AllEnemyPrefab/Enemy Variant.prefab
  artifactKey: Guid(e0f93656faddde64aa311496b9382f0c) Importer(815301076,1909f56bfc062723c751e8b465ee728b)
Number of updated assets reloaded before import = 0
Start importing Assets/AllEnemyPrefab/Enemy Variant.prefab using Guid(e0f93656faddde64aa311496b9382f0c) Importer(815301076,1909f56bfc062723c751e8b465ee728b)  -> (artifact id: '975681783243e4516588b951c7bdd350') in 0.350861 seconds 
Internal: There are remaining Allocations on the JobTempAlloc. This is a leak, and will impact performance
To Debug, run app with -diag-job-temp-memory-leak-validation cmd line argument. This will output the callstacks of the leaked allocations.
Number of asset objects unloaded after import = 312
========================================================================
Received Import Request.
  Time since last request: 0.320027 seconds.
  path: Assets/Animation/Ch36_nonPBR@Punching (1).fbx
  artifactKey: Guid(919725b650f1b2945a762b6b85e4e885) Importer(815301076,1909f56bfc062723c751e8b465ee728b)
Number of updated assets reloaded before import = 0
Start importing Assets/Animation/Ch36_nonPBR@Punching (1).fbx using Guid(919725b650f1b2945a762b6b85e4e885) Importer(815301076,1909f56bfc062723c751e8b465ee728b)  -> (artifact id: 'b8b771454fcb59d37b6fd320b46f1964') in 0.013735 seconds 
Internal: There are remaining Allocations on the JobTempAlloc. This is a leak, and will impact performance
To Debug, run app with -diag-job-temp-memory-leak-validation cmd line argument. This will output the callstacks of the leaked allocations.
Number of asset objects unloaded after import = 137
========================================================================
Received Import Request.
  Time since last request: 0.000019 seconds.
  path: Assets/Animation/Punching3.fbx
  artifactKey: Guid(ea0f9b67ee3690048ad42895cf6997f5) Importer(815301076,1909f56bfc062723c751e8b465ee728b)
Number of updated assets reloaded before import = 0
Start importing Assets/Animation/Punching3.fbx using Guid(ea0f9b67ee3690048ad42895cf6997f5) Importer(815301076,1909f56bfc062723c751e8b465ee728b)  -> (artifact id: '133a6678a7b61da1473b1520f34251fc') in 0.009082 seconds 
Internal: There are remaining Allocations on the JobTempAlloc. This is a leak, and will impact performance
To Debug, run app with -diag-job-temp-memory-leak-validation cmd line argument. This will output the callstacks of the leaked allocations.
Number of asset objects unloaded after import = 137
========================================================================
Received Import Request.
  Time since last request: 0.000024 seconds.
  path: Assets/Animation/Slow Run.fbx
  artifactKey: Guid(ffd32c5c79b61e045b9bccfe0e321cc7) Importer(815301076,1909f56bfc062723c751e8b465ee728b)
Number of updated assets reloaded before import = 0
Start importing Assets/Animation/Slow Run.fbx using Guid(ffd32c5c79b61e045b9bccfe0e321cc7) Importer(815301076,1909f56bfc062723c751e8b465ee728b)  -> (artifact id: '2c27034cff6d9be694fee9c0ef5be9e1') in 0.009077 seconds 
Internal: There are remaining Allocations on the JobTempAlloc. This is a leak, and will impact performance
To Debug, run app with -diag-job-temp-memory-leak-validation cmd line argument. This will output the callstacks of the leaked allocations.
Number of asset objects unloaded after import = 137
========================================================================
Received Import Request.
  Time since last request: 0.000026 seconds.
  path: Assets/Animation/Punching3 1.fbx
  artifactKey: Guid(662b2e89cc38c824799e982edb55fc3e) Importer(815301076,1909f56bfc062723c751e8b465ee728b)
Number of updated assets reloaded before import = 0
Start importing Assets/Animation/Punching3 1.fbx using Guid(662b2e89cc38c824799e982edb55fc3e) Importer(815301076,1909f56bfc062723c751e8b465ee728b)  -> (artifact id: '610932acde65c26594cfd2c6cdc0295a') in 0.009779 seconds 
Internal: There are remaining Allocations on the JobTempAlloc. This is a leak, and will impact performance
To Debug, run app with -diag-job-temp-memory-leak-validation cmd line argument. This will output the callstacks of the leaked allocations.
Number of asset objects unloaded after import = 137
========================================================================
Received Import Request.
  Time since last request: 0.000020 seconds.
  path: Assets/Animation/Running Backward.fbx
  artifactKey: Guid(6eaa189129fa6824cbbe288da01d44b6) Importer(815301076,1909f56bfc062723c751e8b465ee728b)
Number of updated assets reloaded before import = 0
Start importing Assets/Animation/Running Backward.fbx using Guid(6eaa189129fa6824cbbe288da01d44b6) Importer(815301076,1909f56bfc062723c751e8b465ee728b)  -> (artifact id: '10a296db4918422ff2a352a31361868d') in 0.009407 seconds 
Internal: There are remaining Allocations on the JobTempAlloc. This is a leak, and will impact performance
To Debug, run app with -diag-job-temp-memory-leak-validation cmd line argument. This will output the callstacks of the leaked allocations.
Number of asset objects unloaded after import = 137
========================================================================
Received Import Request.
  Time since last request: 11.374511 seconds.
  path: Assets/Animation/GG
  artifactKey: Guid(b44daa0260c6ec3408dbcd7593d7a906) Importer(815301076,1909f56bfc062723c751e8b465ee728b)
Number of updated assets reloaded before import = 0
Start importing Assets/Animation/GG using Guid(b44daa0260c6ec3408dbcd7593d7a906) Importer(815301076,1909f56bfc062723c751e8b465ee728b)  -> (artifact id: 'fb20d1c13c9b68ad84172048a884817f') in 0.002748 seconds 
Internal: There are remaining Allocations on the JobTempAlloc. This is a leak, and will impact performance
To Debug, run app with -diag-job-temp-memory-leak-validation cmd line argument. This will output the callstacks of the leaked allocations.
Number of asset objects unloaded after import = 0
========================================================================
Received Import Request.
  Time since last request: 22.512562 seconds.
  path: Assets
  artifactKey: Guid(00000000000000001000000000000000) Importer(815301076,1909f56bfc062723c751e8b465ee728b)
Number of updated assets reloaded before import = 0
Start importing Assets using Guid(00000000000000001000000000000000) Importer(815301076,1909f56bfc062723c751e8b465ee728b)  -> (artifact id: 'da726a4349de9fbfc69bf4ab69b29751') in 0.002638 seconds 
Internal: There are remaining Allocations on the JobTempAlloc. This is a leak, and will impact performance
To Debug, run app with -diag-job-temp-memory-leak-validation cmd line argument. This will output the callstacks of the leaked allocations.
Number of asset objects unloaded after import = 0
========================================================================
Received Import Request.
  Time since last request: 5.739894 seconds.
  path: Assets/Icons
  artifactKey: Guid(7db47456be1d9ac47887108b348f03e3) Importer(815301076,1909f56bfc062723c751e8b465ee728b)
Number of updated assets reloaded before import = 0
Start importing Assets/Icons using Guid(7db47456be1d9ac47887108b348f03e3) Importer(815301076,1909f56bfc062723c751e8b465ee728b)  -> (artifact id: '62f5b2166080ba6463ddc0e99dbb00f6') in 0.002725 seconds 
Internal: There are remaining Allocations on the JobTempAlloc. This is a leak, and will impact performance
To Debug, run app with -diag-job-temp-memory-leak-validation cmd line argument. This will output the callstacks of the leaked allocations.
Number of asset objects unloaded after import = 0
========================================================================
Received Import Request.
  Time since last request: 62.547994 seconds.
  path: Assets/Icons/skills
  artifactKey: Guid(5c31ff68fa1c5c44097ef34bb6ac2f2e) Importer(815301076,1909f56bfc062723c751e8b465ee728b)
Number of updated assets reloaded before import = 0
Start importing Assets/Icons/skills using Guid(5c31ff68fa1c5c44097ef34bb6ac2f2e) Importer(815301076,1909f56bfc062723c751e8b465ee728b)  -> (artifact id: '7199de1a8d5fd224a6b694f40c1719e3') in 0.003143 seconds 
Internal: There are remaining Allocations on the JobTempAlloc. This is a leak, and will impact performance
To Debug, run app with -diag-job-temp-memory-leak-validation cmd line argument. This will output the callstacks of the leaked allocations.
Number of asset objects unloaded after import = 0
========================================================================
Received Import Request.
  Time since last request: 91.226839 seconds.
  path: Assets/Icons/skills/battle cry.png
  artifactKey: Guid(31a2ab3fb073c6a46981235c671316df) Importer(815301076,1909f56bfc062723c751e8b465ee728b)
Number of updated assets reloaded before import = 0
Start importing Assets/Icons/skills/battle cry.png using Guid(31a2ab3fb073c6a46981235c671316df) Importer(815301076,1909f56bfc062723c751e8b465ee728b)  -> (artifact id: '1a0a2859fe39b444fed8ae5771a60c46') in 0.145268 seconds 
Internal: There are remaining Allocations on the JobTempAlloc. This is a leak, and will impact performance
To Debug, run app with -diag-job-temp-memory-leak-validation cmd line argument. This will output the callstacks of the leaked allocations.
Number of asset objects unloaded after import = 2
========================================================================
Received Import Request.
  Time since last request: 11.170854 seconds.
  path: Assets/Icons/potions
  artifactKey: Guid(54f832457a02e9e4e83c1a7ae1a6df02) Importer(815301076,1909f56bfc062723c751e8b465ee728b)
Number of updated assets reloaded before import = 0
Start importing Assets/Icons/potions using Guid(54f832457a02e9e4e83c1a7ae1a6df02) Importer(815301076,1909f56bfc062723c751e8b465ee728b)  -> (artifact id: '82020bc7ab7b96f3274184e6afb76355') in 0.003186 seconds 
Internal: There are remaining Allocations on the JobTempAlloc. This is a leak, and will impact performance
To Debug, run app with -diag-job-temp-memory-leak-validation cmd line argument. This will output the callstacks of the leaked allocations.
Number of asset objects unloaded after import = 0
========================================================================
Received Import Request.
  Time since last request: 5.203250 seconds.
  path: Assets/Icons/potions/health potion.png
  artifactKey: Guid(fc128c8dd930a6149a0b5ec52c50c6d6) Importer(815301076,1909f56bfc062723c751e8b465ee728b)
Number of updated assets reloaded before import = 0
Start importing Assets/Icons/potions/health potion.png using Guid(fc128c8dd930a6149a0b5ec52c50c6d6) Importer(815301076,1909f56bfc062723c751e8b465ee728b)  -> (artifact id: '861bddc522178523e0cdebd38d0c6b88') in 0.009052 seconds 
Internal: There are remaining Allocations on the JobTempAlloc. This is a leak, and will impact performance
To Debug, run app with -diag-job-temp-memory-leak-validation cmd line argument. This will output the callstacks of the leaked allocations.
Number of asset objects unloaded after import = 2
========================================================================
Received Import Request.
  Time since last request: 17.238127 seconds.
  path: Assets/Icons/buffs
  artifactKey: Guid(4672163205dd6b745a247a0ba6643452) Importer(815301076,1909f56bfc062723c751e8b465ee728b)
Number of updated assets reloaded before import = 0
Start importing Assets/Icons/buffs using Guid(4672163205dd6b745a247a0ba6643452) Importer(815301076,1909f56bfc062723c751e8b465ee728b)  -> (artifact id: '9d604454442f1989468fed1687a42ec6') in 0.003049 seconds 
Internal: There are remaining Allocations on the JobTempAlloc. This is a leak, and will impact performance
To Debug, run app with -diag-job-temp-memory-leak-validation cmd line argument. This will output the callstacks of the leaked allocations.
Number of asset objects unloaded after import = 0
========================================================================
Received Import Request.
  Time since last request: 17.224204 seconds.
  path: Assets/Icons/buffs/blue1.png
  artifactKey: Guid(ac059294f313cda40a91cca3385cfb47) Importer(815301076,1909f56bfc062723c751e8b465ee728b)
Number of updated assets reloaded before import = 0
Start importing Assets/Icons/buffs/blue1.png using Guid(ac059294f313cda40a91cca3385cfb47) Importer(815301076,1909f56bfc062723c751e8b465ee728b)  -> (artifact id: '628aa7dfc5484f1d1d921b2d8ac60116') in 0.009003 seconds 
Internal: There are remaining Allocations on the JobTempAlloc. This is a leak, and will impact performance
To Debug, run app with -diag-job-temp-memory-leak-validation cmd line argument. This will output the callstacks of the leaked allocations.
Number of asset objects unloaded after import = 2
========================================================================
Received Import Request.
  Time since last request: 0.007680 seconds.
  path: Assets/Icons/buffs/blue3.png
  artifactKey: Guid(34154877c3fea4a4b8825d0ccb6c5370) Importer(815301076,1909f56bfc062723c751e8b465ee728b)
Number of updated assets reloaded before import = 0
Start importing Assets/Icons/buffs/blue3.png using Guid(34154877c3fea4a4b8825d0ccb6c5370) Importer(815301076,1909f56bfc062723c751e8b465ee728b)  -> (artifact id: 'dbb60872e6d4f13a0259e32b64cb4557') in 0.009111 seconds 
Internal: There are remaining Allocations on the JobTempAlloc. This is a leak, and will impact performance
To Debug, run app with -diag-job-temp-memory-leak-validation cmd line argument. This will output the callstacks of the leaked allocations.
Number of asset objects unloaded after import = 2
========================================================================
Received Import Request.
  Time since last request: 0.009777 seconds.
  path: Assets/Icons/buffs/gold3.png
  artifactKey: Guid(16af5b9e76019ef43892d27d847fe2ca) Importer(815301076,1909f56bfc062723c751e8b465ee728b)
Number of updated assets reloaded before import = 0
Start importing Assets/Icons/buffs/gold3.png using Guid(16af5b9e76019ef43892d27d847fe2ca) Importer(815301076,1909f56bfc062723c751e8b465ee728b)  -> (artifact id: 'a92cfc7a0bad9bbe9175bc72fcc417f8') in 0.010471 seconds 
Internal: There are remaining Allocations on the JobTempAlloc. This is a leak, and will impact performance
To Debug, run app with -diag-job-temp-memory-leak-validation cmd line argument. This will output the callstacks of the leaked allocations.
Number of asset objects unloaded after import = 2
========================================================================
Received Import Request.
  Time since last request: 0.003244 seconds.
  path: Assets/Icons/buffs/gold5.png
  artifactKey: Guid(ab4656a8c43a3274cb115d5d1ab1ee9e) Importer(815301076,1909f56bfc062723c751e8b465ee728b)
Number of updated assets reloaded before import = 0
Start importing Assets/Icons/buffs/gold5.png using Guid(ab4656a8c43a3274cb115d5d1ab1ee9e) Importer(815301076,1909f56bfc062723c751e8b465ee728b)  -> (artifact id: '5e17398aaed150ee95160a51932f40c2') in 0.008612 seconds 
Internal: There are remaining Allocations on the JobTempAlloc. This is a leak, and will impact performance
To Debug, run app with -diag-job-temp-memory-leak-validation cmd line argument. This will output the callstacks of the leaked allocations.
Number of asset objects unloaded after import = 2
========================================================================
Received Import Request.
  Time since last request: 0.000036 seconds.
  path: Assets/Icons/buffs/purple9.png
  artifactKey: Guid(0093b006b30456540b1620b9948809c2) Importer(815301076,1909f56bfc062723c751e8b465ee728b)
Number of updated assets reloaded before import = 0
Start importing Assets/Icons/buffs/purple9.png using Guid(0093b006b30456540b1620b9948809c2) Importer(815301076,1909f56bfc062723c751e8b465ee728b)  -> (artifact id: '5f6e5eff3c1cfaf9e200747b07525e40') in 0.014241 seconds 
Internal: There are remaining Allocations on the JobTempAlloc. This is a leak, and will impact performance
To Debug, run app with -diag-job-temp-memory-leak-validation cmd line argument. This will output the callstacks of the leaked allocations.
Number of asset objects unloaded after import = 2
========================================================================
Received Import Request.
  Time since last request: 0.000029 seconds.
  path: Assets/Icons/buffs/gold9.png
  artifactKey: Guid(1b29b6d2ac981f04a9525eaca0a92c38) Importer(815301076,1909f56bfc062723c751e8b465ee728b)
Number of updated assets reloaded before import = 0
Start importing Assets/Icons/buffs/gold9.png using Guid(1b29b6d2ac981f04a9525eaca0a92c38) Importer(815301076,1909f56bfc062723c751e8b465ee728b)  -> (artifact id: '7e945609f60485817cc5e3cc0e5564f2') in 0.012200 seconds 
Internal: There are remaining Allocations on the JobTempAlloc. This is a leak, and will impact performance
To Debug, run app with -diag-job-temp-memory-leak-validation cmd line argument. This will output the callstacks of the leaked allocations.
Number of asset objects unloaded after import = 2
========================================================================
Received Import Request.
  Time since last request: 0.000030 seconds.
  path: Assets/Icons/buffs/gold10.png
  artifactKey: Guid(5b820ee7ae42c3b47ac0e3d347df2462) Importer(815301076,1909f56bfc062723c751e8b465ee728b)
Number of updated assets reloaded before import = 0
Start importing Assets/Icons/buffs/gold10.png using Guid(5b820ee7ae42c3b47ac0e3d347df2462) Importer(815301076,1909f56bfc062723c751e8b465ee728b)  -> (artifact id: '853776047a812fc15b09a90eb4af4478') in 0.009565 seconds 
Internal: There are remaining Allocations on the JobTempAlloc. This is a leak, and will impact performance
To Debug, run app with -diag-job-temp-memory-leak-validation cmd line argument. This will output the callstacks of the leaked allocations.
Number of asset objects unloaded after import = 2
========================================================================
Received Import Request.
  Time since last request: 0.000019 seconds.
  path: Assets/Icons/buffs/purple6.png
  artifactKey: Guid(18b65cfb4ae901a4da95fc1d9d907c55) Importer(815301076,1909f56bfc062723c751e8b465ee728b)
Number of updated assets reloaded before import = 0
Start importing Assets/Icons/buffs/purple6.png using Guid(18b65cfb4ae901a4da95fc1d9d907c55) Importer(815301076,1909f56bfc062723c751e8b465ee728b)  -> (artifact id: '83023d879f96add73b40d9826658d960') in 0.008907 seconds 
Internal: There are remaining Allocations on the JobTempAlloc. This is a leak, and will impact performance
To Debug, run app with -diag-job-temp-memory-leak-validation cmd line argument. This will output the callstacks of the leaked allocations.
Number of asset objects unloaded after import = 2
========================================================================
Received Import Request.
  Time since last request: 0.000024 seconds.
  path: Assets/Icons/buffs/purple1.png
  artifactKey: Guid(01ad0566f416f4144b118117d01ea793) Importer(815301076,1909f56bfc062723c751e8b465ee728b)
Number of updated assets reloaded before import = 0
Start importing Assets/Icons/buffs/purple1.png using Guid(01ad0566f416f4144b118117d01ea793) Importer(815301076,1909f56bfc062723c751e8b465ee728b)  -> (artifact id: 'b29b41143de45d098aff79676cf4df0d') in 0.009015 seconds 
Internal: There are remaining Allocations on the JobTempAlloc. This is a leak, and will impact performance
To Debug, run app with -diag-job-temp-memory-leak-validation cmd line argument. This will output the callstacks of the leaked allocations.
Number of asset objects unloaded after import = 2
========================================================================
Received Import Request.
  Time since last request: 0.000018 seconds.
  path: Assets/Icons/buffs/gold8.png
  artifactKey: Guid(a0b1f4c90dcc05b4b841991da88f92d8) Importer(815301076,1909f56bfc062723c751e8b465ee728b)
Number of updated assets reloaded before import = 0
Start importing Assets/Icons/buffs/gold8.png using Guid(a0b1f4c90dcc05b4b841991da88f92d8) Importer(815301076,1909f56bfc062723c751e8b465ee728b)  -> (artifact id: 'eff537804770cfc3cc7c3afdb8a5ca94') in 0.009632 seconds 
Internal: There are remaining Allocations on the JobTempAlloc. This is a leak, and will impact performance
To Debug, run app with -diag-job-temp-memory-leak-validation cmd line argument. This will output the callstacks of the leaked allocations.
Number of asset objects unloaded after import = 2
========================================================================
Received Import Request.
  Time since last request: 0.000026 seconds.
  path: Assets/Icons/buffs/blue5.png
  artifactKey: Guid(3537fce9b48c47343be537296ea3e20f) Importer(815301076,1909f56bfc062723c751e8b465ee728b)
Number of updated assets reloaded before import = 0
Start importing Assets/Icons/buffs/blue5.png using Guid(3537fce9b48c47343be537296ea3e20f) Importer(815301076,1909f56bfc062723c751e8b465ee728b)  -> (artifact id: '2b13c0fd47b9521878314b529bac84e9') in 0.008496 seconds 
Internal: There are remaining Allocations on the JobTempAlloc. This is a leak, and will impact performance
To Debug, run app with -diag-job-temp-memory-leak-validation cmd line argument. This will output the callstacks of the leaked allocations.
Number of asset objects unloaded after import = 2
========================================================================
Received Import Request.
  Time since last request: 0.000025 seconds.
  path: Assets/Icons/buffs/purple5.png
  artifactKey: Guid(5a7f15b4fbcbd4d4c84444df1eb1cbbe) Importer(815301076,1909f56bfc062723c751e8b465ee728b)
Number of updated assets reloaded before import = 0
Start importing Assets/Icons/buffs/purple5.png using Guid(5a7f15b4fbcbd4d4c84444df1eb1cbbe) Importer(815301076,1909f56bfc062723c751e8b465ee728b)  -> (artifact id: 'b4af740f9c3cfce5a2366281446c1308') in 0.008908 seconds 
Internal: There are remaining Allocations on the JobTempAlloc. This is a leak, and will impact performance
To Debug, run app with -diag-job-temp-memory-leak-validation cmd line argument. This will output the callstacks of the leaked allocations.
Number of asset objects unloaded after import = 2
Editor requested this worker to shutdown with reason: Scaling down because of idle timeout
TcpMessagingSession - receive error: operation aborted. errorcode: 995, details: Îďĺđŕöč˙ ââîäŕ/âűâîäŕ áűëŕ ďđĺđâŕíŕ čç-çŕ çŕâĺđřĺíč˙ ďîňîęŕ ęîěŕíä čëč ďî çŕďđîńó ďđčëîćĺíč˙.
AssetImportWorker is now disconnected from the server
Process exiting
Exiting without the bug reporter. Application will terminate with return code 0