Using pre-set license
Built from '2022.2/release' branch; Version is '2022.2.1f1 (4fead5835099) revision 5237461'; Using compiler version '192829333'; Build Type 'Release'
OS: 'Windows 10  (10.0.19045) 64bit Professional' Language: 'ru' Physical Memory: 32754 MB
BatchMode: 1, IsHumanControllingUs: 0, StartBugReporterOnCrash: 0, Is64bit: 1, IsPro: 1

COMMAND LINE ARGUMENTS:
C:\Program Files\Unity\Hub\Editor\2022.2.1f1\Editor\Unity.exe
-adb2
-batchMode
-noUpm
-name
AssetImportWorker1
-projectPath
C:/GitHub/unity-Swamp-Defender-main/Swamp-Defender/ShrekGame/Swamp-Defender
-logFile
Logs/AssetImportWorker1.log
-srvPort
2352
Successfully changed project path to: C:/GitHub/unity-Swamp-Defender-main/Swamp-Defender/ShrekGame/Swamp-Defender
C:/GitHub/unity-Swamp-Defender-main/Swamp-Defender/ShrekGame/Swamp-Defender
[UnityMemory] Configuration Parameters - Can be set up in boot.config
    "memorysetup-bucket-allocator-granularity=16"
    "memorysetup-bucket-allocator-bucket-count=8"
    "memorysetup-bucket-allocator-block-size=33554432"
    "memorysetup-bucket-allocator-block-count=8"
    "memorysetup-main-allocator-block-size=16777216"
    "memorysetup-thread-allocator-block-size=16777216"
    "memorysetup-gfx-main-allocator-block-size=16777216"
    "memorysetup-gfx-thread-allocator-block-size=16777216"
    "memorysetup-cache-allocator-block-size=4194304"
    "memorysetup-typetree-allocator-block-size=2097152"
    "memorysetup-profiler-bucket-allocator-granularity=16"
    "memorysetup-profiler-bucket-allocator-bucket-count=8"
    "memorysetup-profiler-bucket-allocator-block-size=33554432"
    "memorysetup-profiler-bucket-allocator-block-count=8"
    "memorysetup-profiler-allocator-block-size=16777216"
    "memorysetup-profiler-editor-allocator-block-size=1048576"
    "memorysetup-temp-allocator-size-main=16777216"
    "memorysetup-job-temp-allocator-block-size=2097152"
    "memorysetup-job-temp-allocator-block-size-background=1048576"
    "memorysetup-job-temp-allocator-reduction-small-platforms=262144"
    "memorysetup-temp-allocator-size-background-worker=32768"
    "memorysetup-temp-allocator-size-job-worker=262144"
    "memorysetup-temp-allocator-size-preload-manager=33554432"
    "memorysetup-temp-allocator-size-nav-mesh-worker=65536"
    "memorysetup-temp-allocator-size-audio-worker=65536"
    "memorysetup-temp-allocator-size-cloud-worker=32768"
    "memorysetup-temp-allocator-size-gi-baking-worker=262144"
    "memorysetup-temp-allocator-size-gfx=262144"
Player connection [12952] Host "[IP] 192.168.68.104 [Port] 0 [Flags] 2 [Guid] 3824298700 [EditorId] 3824298700 [Version] 1048832 [Id] WindowsEditor(7,DESKTOP-DF8069A) [Debug] 1 [PackageName] WindowsEditor [ProjectName] Editor" joined multi-casting on [225.0.0.222:54997]...

Player connection [12952] Host "[IP] 192.168.68.104 [Port] 0 [Flags] 2 [Guid] 3824298700 [EditorId] 3824298700 [Version] 1048832 [Id] WindowsEditor(7,DESKTOP-DF8069A) [Debug] 1 [PackageName] WindowsEditor [ProjectName] Editor" joined alternative multi-casting on [225.0.0.222:34997]...

Refreshing native plugins compatible for Editor in 23.54 ms, found 3 plugins.
Preloading 0 native plugins for Editor in 0.00 ms.
Initialize engine version: 2022.2.1f1 (4fead5835099)
[Subsystems] Discovering subsystems at path C:/Program Files/Unity/Hub/Editor/2022.2.1f1/Editor/Data/Resources/UnitySubsystems
[Subsystems] Discovering subsystems at path C:/GitHub/unity-Swamp-Defender-main/Swamp-Defender/ShrekGame/Swamp-Defender/Assets
GfxDevice: creating device client; threaded=0; jobified=0
Direct3D:
    Version:  Direct3D 11.0 [level 11.1]
    Renderer: AMD Radeon RX 6600 (ID=0x73ff)
    Vendor:   ATI
    VRAM:     8147 MB
    Driver:   31.0.22023.1014
Initialize mono
Mono path[0] = 'C:/Program Files/Unity/Hub/Editor/2022.2.1f1/Editor/Data/Managed'
Mono path[1] = 'C:/Program Files/Unity/Hub/Editor/2022.2.1f1/Editor/Data/MonoBleedingEdge/lib/mono/unityjit-win32'
Mono config path = 'C:/Program Files/Unity/Hub/Editor/2022.2.1f1/Editor/Data/MonoBleedingEdge/etc'
Using monoOptions --debugger-agent=transport=dt_socket,embedding=1,server=y,suspend=n,address=127.0.0.1:56000
Begin MonoManager ReloadAssembly
Registering precompiled unity dll's ...
Register platform support module: C:/Program Files/Unity/Hub/Editor/2022.2.1f1/Editor/Data/PlaybackEngines/WindowsStandaloneSupport/UnityEditor.WindowsStandalone.Extensions.dll
Registered in 0.028934 seconds.
- Loaded All Assemblies, in  0.558 seconds
Native extension for WindowsStandalone target not found
Mono: successfully reloaded assembly
- Finished resetting the current domain, in  0.411 seconds
Domain Reload Profiling:
	ReloadAssembly (350ms)
		BeginReloadAssembly (142ms)
			ExecutionOrderSort (0ms)
			DisableScriptedObjects (0ms)
			BackupInstance (0ms)
			ReleaseScriptingObjects (0ms)
			CreateAndSetChildDomain (1ms)
		LoadAllAssembliesAndSetupDomain (0ms)
			LoadAssemblies (135ms)
			RebuildTransferFunctionScriptingTraits (0ms)
			SetupTypeCache (184ms)
				TypeCache.Initialize (183ms)
					TypeCache.ScanAssembly (181ms)
				ResolveRequiredComponents (1ms)
		FinalizeReload (0ms)
			ReleaseScriptCaches (0ms)
			RebuildScriptCaches (0ms)
			SetupLoadedEditorAssemblies (321ms)
				LogAssemblyErrors (0ms)
				InitializePlatformSupportModulesInManaged (20ms)
				SetLoadedEditorAssemblies (11ms)
				RefreshPlugins (0ms)
				BeforeProcessingInitializeOnLoad (2ms)
				ProcessInitializeOnLoadAttributes (214ms)
				ProcessInitializeOnLoadMethodAttributes (75ms)
				AfterProcessingInitializeOnLoad (0ms)
				EditorAssembliesLoaded (0ms)
			ExecutionOrderSort2 (0ms)
			AwakeInstancesAfterBackupRestoration (0ms)
========================================================================
Worker process is ready to serve import requests
Begin MonoManager ReloadAssembly
Symbol file LoadedFromMemory doesn't match image C:\GitHub\unity-Swamp-Defender-main\Swamp-Defender\ShrekGame\Swamp-Defender\Library\PackageCache\com.unity.visualscripting@1.7.8\Editor\VisualScripting.Core\Dependencies\YamlDotNet\Unity.VisualScripting.YamlDotNet.dll
Symbol file LoadedFromMemory doesn't match image C:\GitHub\unity-Swamp-Defender-main\Swamp-Defender\ShrekGame\Swamp-Defender\Library\PackageCache\com.unity.visualscripting@1.7.8\Editor\VisualScripting.Core\Dependencies\DotNetZip\Unity.VisualScripting.IonicZip.dll
- Loaded All Assemblies, in  1.163 seconds
Refreshing native plugins compatible for Editor in 9.46 ms, found 3 plugins.
Native extension for WindowsStandalone target not found
Mono: successfully reloaded assembly
- Finished resetting the current domain, in  0.844 seconds
Domain Reload Profiling:
	ReloadAssembly (381ms)
		BeginReloadAssembly (217ms)
			ExecutionOrderSort (0ms)
			DisableScriptedObjects (9ms)
			BackupInstance (0ms)
			ReleaseScriptingObjects (0ms)
			CreateAndSetChildDomain (26ms)
		LoadAllAssembliesAndSetupDomain (770ms)
			LoadAssemblies (162ms)
			RebuildTransferFunctionScriptingTraits (0ms)
			SetupTypeCache (699ms)
				TypeCache.Initialize (429ms)
					TypeCache.ScanAssembly (423ms)
				ResolveRequiredComponents (7ms)
		FinalizeReload (0ms)
			ReleaseScriptCaches (0ms)
			RebuildScriptCaches (0ms)
			SetupLoadedEditorAssemblies (616ms)
				LogAssemblyErrors (0ms)
				InitializePlatformSupportModulesInManaged (15ms)
				SetLoadedEditorAssemblies (11ms)
				RefreshPlugins (0ms)
				BeforeProcessingInitializeOnLoad (126ms)
				ProcessInitializeOnLoadAttributes (399ms)
				ProcessInitializeOnLoadMethodAttributes (38ms)
				AfterProcessingInitializeOnLoad (26ms)
				EditorAssembliesLoaded (0ms)
			ExecutionOrderSort2 (0ms)
			AwakeInstancesAfterBackupRestoration (12ms)
Launched and connected shader compiler UnityShaderCompiler.exe after 0.05 seconds
Refreshing native plugins compatible for Editor in 9.44 ms, found 3 plugins.
Preloading 0 native plugins for Editor in 0.00 ms.
Unloading 3487 Unused Serialized files (Serialized files now loaded: 0)
Unloading 26 unused Assets / (68.7 KB). Loaded Objects now: 3965.
Memory consumption went from 0.54 GB to 0.54 GB.
Total: 4.536300 ms (FindLiveObjects: 0.379700 ms CreateObjectMapping: 0.220400 ms MarkObjects: 3.817800 ms  DeleteObjects: 0.117300 ms)

AssetImportParameters requested are different than current active one (requested -> active):
  custom:container-demuxer-ogg: 62fdf1f143b41e24485cea50d1cbac27 -> 
  custom:video-decoder-ogg-theora: a1e56fd34408186e4bbccfd4996cb3dc -> 
  custom:framework-win-MediaFoundation: 216162199b28c13a410421893ffa2e32 -> 
  custom:container-demuxer-webm: 4f35f7cbe854078d1ac9338744f61a02 -> 
  custom:container-muxer-webm: aa71ff27fc2769a1b78a27578f13a17b -> 
  custom:video-decoder-webm-vp8: 9c59270c3fd7afecdb556c50c9e8de78 -> 
  custom:AudioImporter_EditorPlatform: d09bf68614088b80899f8185d706f6e7 -> 
  custom:video-encoder-webm-vp8: eb34c28f22e8b96e1ab97ce403110664 -> 
  custom:audio-decoder-ogg-vorbis: bf7c407c2cedff20999df2af8eb42d56 -> 
  custom:audio-encoder-webm-vorbis: bf7c407c2cedff20999df2af8eb42d56 -> 
========================================================================
Received Import Request.
  Time since last request: 2908.285157 seconds.
  path: Assets/NewLayer 1.terrainlayer
  artifactKey: Guid(ab8c49988162fb4428b7f710c1e9d107) Importer(815301076,1909f56bfc062723c751e8b465ee728b)
Number of updated assets reloaded before import = 0
Start importing Assets/NewLayer 1.terrainlayer using Guid(ab8c49988162fb4428b7f710c1e9d107) Importer(815301076,1909f56bfc062723c751e8b465ee728b)  -> (artifact id: '2f015435965935a24ba88ad5c7e58c57') in 0.104764 seconds 
Number of asset objects unloaded after import = 2
========================================================================
Received Import Request.
  Time since last request: 21.785101 seconds.
  path: Assets/Magical Potions and Effects/Support Assets/Background 2.png
  artifactKey: Guid(6988500d14239e54294594112a69b839) Importer(815301076,1909f56bfc062723c751e8b465ee728b)
Number of updated assets reloaded before import = 0
Start importing Assets/Magical Potions and Effects/Support Assets/Background 2.png using Guid(6988500d14239e54294594112a69b839) Importer(815301076,1909f56bfc062723c751e8b465ee728b)  -> (artifact id: '70a11dc5ca559f014cb7f2ec6a0e41c3') in 0.219141 seconds 
Number of asset objects unloaded after import = 3
========================================================================
Received Import Request.
  Time since last request: 0.000021 seconds.
  path: Assets/Magical Potions and Effects/Support Assets/Sphere Particle.png
  artifactKey: Guid(8d265cc4d4b0aa247b9ad392b9d658bf) Importer(815301076,1909f56bfc062723c751e8b465ee728b)
Number of updated assets reloaded before import = 0
Start importing Assets/Magical Potions and Effects/Support Assets/Sphere Particle.png using Guid(8d265cc4d4b0aa247b9ad392b9d658bf) Importer(815301076,1909f56bfc062723c751e8b465ee728b)  -> (artifact id: '9e2513afd6c0d98bf458726d2ce02a73') in 0.015988 seconds 
Number of asset objects unloaded after import = 3
========================================================================
Received Import Request.
  Time since last request: 0.000027 seconds.
  path: Assets/Magical Potions and Effects/Support Assets/Immunity Area Effect - Particle.png
  artifactKey: Guid(36033f089e5620d488696ac8338086c2) Importer(815301076,1909f56bfc062723c751e8b465ee728b)
Number of updated assets reloaded before import = 0
Start importing Assets/Magical Potions and Effects/Support Assets/Immunity Area Effect - Particle.png using Guid(36033f089e5620d488696ac8338086c2) Importer(815301076,1909f56bfc062723c751e8b465ee728b)  -> (artifact id: '3be68ce66ad10bc991d2c89dde0f6605') in 0.014093 seconds 
Number of asset objects unloaded after import = 3
========================================================================
Received Import Request.
  Time since last request: 0.000020 seconds.
  path: Assets/Magical Potions and Effects/Support Assets/Square.png
  artifactKey: Guid(e142525e2777c4740961b93c8e35e7f3) Importer(815301076,1909f56bfc062723c751e8b465ee728b)
Number of updated assets reloaded before import = 0
Start importing Assets/Magical Potions and Effects/Support Assets/Square.png using Guid(e142525e2777c4740961b93c8e35e7f3) Importer(815301076,1909f56bfc062723c751e8b465ee728b)  -> (artifact id: '9cc7dfa13c1513e36af6b4e40c8cfecc') in 0.012299 seconds 
Number of asset objects unloaded after import = 3
========================================================================
Received Import Request.
  Time since last request: 0.000025 seconds.
  path: Assets/Magical Potions and Effects/Support Assets/Sphere Particle 2.png
  artifactKey: Guid(9fd38a2a5e80f6644be885ffd9b5939b) Importer(815301076,1909f56bfc062723c751e8b465ee728b)
Number of updated assets reloaded before import = 0
Start importing Assets/Magical Potions and Effects/Support Assets/Sphere Particle 2.png using Guid(9fd38a2a5e80f6644be885ffd9b5939b) Importer(815301076,1909f56bfc062723c751e8b465ee728b)  -> (artifact id: '7ead70d96cae41300338b1ecc9387186') in 0.013790 seconds 
Number of asset objects unloaded after import = 3
========================================================================
Received Import Request.
  Time since last request: 0.000020 seconds.
  path: Assets/Magical Potions and Effects/Support Assets/Energy Area Effect - Particle.png
  artifactKey: Guid(e955c6dfb09236242aaaa0631b3bb81e) Importer(815301076,1909f56bfc062723c751e8b465ee728b)
Number of updated assets reloaded before import = 0
Start importing Assets/Magical Potions and Effects/Support Assets/Energy Area Effect - Particle.png using Guid(e955c6dfb09236242aaaa0631b3bb81e) Importer(815301076,1909f56bfc062723c751e8b465ee728b)  -> (artifact id: 'cacf9a5074ae84d291d154497a9341a9') in 0.012860 seconds 
Number of asset objects unloaded after import = 3
========================================================================
Received Import Request.
  Time since last request: 0.000018 seconds.
  path: Assets/Magical Potions and Effects/Support Assets/Demon Area Effect - Skull.png
  artifactKey: Guid(2b2a85b7bd35a4541940558b73c0af8c) Importer(815301076,1909f56bfc062723c751e8b465ee728b)
Number of updated assets reloaded before import = 0
Start importing Assets/Magical Potions and Effects/Support Assets/Demon Area Effect - Skull.png using Guid(2b2a85b7bd35a4541940558b73c0af8c) Importer(815301076,1909f56bfc062723c751e8b465ee728b)  -> (artifact id: '6d6c8593b2415f7d21959f83e7f37df9') in 0.012419 seconds 
Number of asset objects unloaded after import = 3
========================================================================
Received Import Request.
  Time since last request: 7.738893 seconds.
  path: Assets/Animation/Left Cover Sneak.fbx
  artifactKey: Guid(95830f6e36b36734cbcfed959990d70b) Importer(815301076,1909f56bfc062723c751e8b465ee728b)
Number of updated assets reloaded before import = 0
Start importing Assets/Animation/Left Cover Sneak.fbx using Guid(95830f6e36b36734cbcfed959990d70b) Importer(815301076,1909f56bfc062723c751e8b465ee728b)  -> (artifact id: '20248694038b358ae713f9fedb73c1cc') in 0.024717 seconds 
Number of asset objects unloaded after import = 137
========================================================================
Received Import Request.
  Time since last request: 0.000023 seconds.
  path: Assets/Animation/pick up.fbx
  artifactKey: Guid(48a0926ee2f13ac4f93d49e717504a17) Importer(815301076,1909f56bfc062723c751e8b465ee728b)
Number of updated assets reloaded before import = 0
Start importing Assets/Animation/pick up.fbx using Guid(48a0926ee2f13ac4f93d49e717504a17) Importer(815301076,1909f56bfc062723c751e8b465ee728b)  -> (artifact id: '81259e1f4c6c760eb867c97b036b40f0') in 0.008825 seconds 
Number of asset objects unloaded after import = 137
========================================================================
Received Import Request.
  Time since last request: 0.000039 seconds.
  path: Assets/Animation/Punching2.fbx
  artifactKey: Guid(9942ab39c93970a4d8c3f10af9d10701) Importer(815301076,1909f56bfc062723c751e8b465ee728b)
Number of updated assets reloaded before import = 0
Start importing Assets/Animation/Punching2.fbx using Guid(9942ab39c93970a4d8c3f10af9d10701) Importer(815301076,1909f56bfc062723c751e8b465ee728b)  -> (artifact id: 'c856ccf1d5d2db980519c3640c27f2a9') in 0.010485 seconds 
Number of asset objects unloaded after import = 137
========================================================================
Received Import Request.
  Time since last request: 0.000027 seconds.
  path: Assets/Animation/raise.fbx
  artifactKey: Guid(713708ca0ede0a64887d62356e6df50b) Importer(815301076,1909f56bfc062723c751e8b465ee728b)
Number of updated assets reloaded before import = 0
Start importing Assets/Animation/raise.fbx using Guid(713708ca0ede0a64887d62356e6df50b) Importer(815301076,1909f56bfc062723c751e8b465ee728b)  -> (artifact id: '2c24e1b7c4d37206cf3d34e316da21b2') in 0.009153 seconds 
Number of asset objects unloaded after import = 137
========================================================================
Received Import Request.
  Time since last request: 193.427198 seconds.
  path: Assets/Icons/skills/floor slam.png
  artifactKey: Guid(6d92c7a34431b354abab6c7dafe9583a) Importer(815301076,1909f56bfc062723c751e8b465ee728b)
Number of updated assets reloaded before import = 0
Start importing Assets/Icons/skills/floor slam.png using Guid(6d92c7a34431b354abab6c7dafe9583a) Importer(815301076,1909f56bfc062723c751e8b465ee728b)  -> (artifact id: '6a6c35df5ee2dc5afbd67bdddfa9e715') in 0.009204 seconds 
Number of asset objects unloaded after import = 2
========================================================================
Received Import Request.
  Time since last request: 0.000019 seconds.
  path: Assets/Icons/skills/tornado.png
  artifactKey: Guid(cfd324d97a2009f4186fa6d261f1c2e2) Importer(815301076,1909f56bfc062723c751e8b465ee728b)
Number of updated assets reloaded before import = 0
Start importing Assets/Icons/skills/tornado.png using Guid(cfd324d97a2009f4186fa6d261f1c2e2) Importer(815301076,1909f56bfc062723c751e8b465ee728b)  -> (artifact id: 'aed983910442a225af161d400db7aa04') in 0.008577 seconds 
Number of asset objects unloaded after import = 2
========================================================================
Received Import Request.
  Time since last request: 16.505001 seconds.
  path: Assets/Icons/potions/stamina potion.png
  artifactKey: Guid(42c0d266c67959748b514ee762f3e0f7) Importer(815301076,1909f56bfc062723c751e8b465ee728b)
Number of updated assets reloaded before import = 0
Start importing Assets/Icons/potions/stamina potion.png using Guid(42c0d266c67959748b514ee762f3e0f7) Importer(815301076,1909f56bfc062723c751e8b465ee728b)  -> (artifact id: 'ab9667658ba160010ae5291bd3e23903') in 0.008799 seconds 
Number of asset objects unloaded after import = 2
========================================================================
Received Import Request.
  Time since last request: 34.468825 seconds.
  path: Assets/Icons/buffs/blue2.png
  artifactKey: Guid(4db4f0ed8a23f6f4b87b9586a0071248) Importer(815301076,1909f56bfc062723c751e8b465ee728b)
Number of updated assets reloaded before import = 0
Start importing Assets/Icons/buffs/blue2.png using Guid(4db4f0ed8a23f6f4b87b9586a0071248) Importer(815301076,1909f56bfc062723c751e8b465ee728b)  -> (artifact id: '9a7df708a9cbb445488258cf66ddc193') in 0.008755 seconds 
Number of asset objects unloaded after import = 2
========================================================================
Received Import Request.
  Time since last request: 0.007738 seconds.
  path: Assets/Icons/buffs/blue4.png
  artifactKey: Guid(2d713ca5162eaee4cbefd86dd78e8101) Importer(815301076,1909f56bfc062723c751e8b465ee728b)
Number of updated assets reloaded before import = 0
Start importing Assets/Icons/buffs/blue4.png using Guid(2d713ca5162eaee4cbefd86dd78e8101) Importer(815301076,1909f56bfc062723c751e8b465ee728b)  -> (artifact id: '926a74e75d8eb024ddba7e243f2f3f60') in 0.009313 seconds 
Number of asset objects unloaded after import = 2
========================================================================
Received Import Request.
  Time since last request: 0.009938 seconds.
  path: Assets/Icons/buffs/gold4.png
  artifactKey: Guid(b253bb2324cdb044787cf37fd394b48a) Importer(815301076,1909f56bfc062723c751e8b465ee728b)
Number of updated assets reloaded before import = 0
Start importing Assets/Icons/buffs/gold4.png using Guid(b253bb2324cdb044787cf37fd394b48a) Importer(815301076,1909f56bfc062723c751e8b465ee728b)  -> (artifact id: '807f9765dfe2c24eede55baf77e92f2a') in 0.008913 seconds 
Number of asset objects unloaded after import = 2
========================================================================
Received Import Request.
  Time since last request: 0.005574 seconds.
  path: Assets/Icons/buffs/gold6.png
  artifactKey: Guid(191a1f56353a94948911069654942954) Importer(815301076,1909f56bfc062723c751e8b465ee728b)
Number of updated assets reloaded before import = 0
Start importing Assets/Icons/buffs/gold6.png using Guid(191a1f56353a94948911069654942954) Importer(815301076,1909f56bfc062723c751e8b465ee728b)  -> (artifact id: '09f4b2f968457589771a8e1198ccd823') in 0.009223 seconds 
Number of asset objects unloaded after import = 2
========================================================================
Received Import Request.
  Time since last request: 0.000027 seconds.
  path: Assets/Icons/buffs/purple2.png
  artifactKey: Guid(7329ab89faff7e64b8dfb655de35f3f3) Importer(815301076,1909f56bfc062723c751e8b465ee728b)
Number of updated assets reloaded before import = 0
Start importing Assets/Icons/buffs/purple2.png using Guid(7329ab89faff7e64b8dfb655de35f3f3) Importer(815301076,1909f56bfc062723c751e8b465ee728b)  -> (artifact id: '94d799a0bd17bd303405569ae42ae74a') in 0.013388 seconds 
Number of asset objects unloaded after import = 2
========================================================================
Received Import Request.
  Time since last request: 0.000030 seconds.
  path: Assets/Icons/buffs/gold7.png
  artifactKey: Guid(bc48bf46866b7914aa2a5511dfefdcae) Importer(815301076,1909f56bfc062723c751e8b465ee728b)
Number of updated assets reloaded before import = 0
Start importing Assets/Icons/buffs/gold7.png using Guid(bc48bf46866b7914aa2a5511dfefdcae) Importer(815301076,1909f56bfc062723c751e8b465ee728b)  -> (artifact id: '7a263ff51c99cddb3f49ade122e52d8a') in 0.010862 seconds 
Number of asset objects unloaded after import = 2
========================================================================
Received Import Request.
  Time since last request: 0.000044 seconds.
  path: Assets/Icons/buffs/purple3.png
  artifactKey: Guid(acdc84d437cb62742bc54cd1dec48b5a) Importer(815301076,1909f56bfc062723c751e8b465ee728b)
Number of updated assets reloaded before import = 0
Start importing Assets/Icons/buffs/purple3.png using Guid(acdc84d437cb62742bc54cd1dec48b5a) Importer(815301076,1909f56bfc062723c751e8b465ee728b)  -> (artifact id: 'fe87a614872e376cf718852c1f29ebae') in 0.011636 seconds 
Number of asset objects unloaded after import = 2
========================================================================
Received Import Request.
  Time since last request: 0.000023 seconds.
  path: Assets/Icons/buffs/purple8.png
  artifactKey: Guid(7865cdcf824f8b94fa4ec41a2a974e5c) Importer(815301076,1909f56bfc062723c751e8b465ee728b)
Number of updated assets reloaded before import = 0
Start importing Assets/Icons/buffs/purple8.png using Guid(7865cdcf824f8b94fa4ec41a2a974e5c) Importer(815301076,1909f56bfc062723c751e8b465ee728b)  -> (artifact id: '3aa519cd527a9099e2ca57bc3d942058') in 0.008489 seconds 
Number of asset objects unloaded after import = 2
========================================================================
Received Import Request.
  Time since last request: 0.000019 seconds.
  path: Assets/Icons/buffs/purple4.png
  artifactKey: Guid(6bc15a51ef6c1c640a7e23296b1796b1) Importer(815301076,1909f56bfc062723c751e8b465ee728b)
Number of updated assets reloaded before import = 0
Start importing Assets/Icons/buffs/purple4.png using Guid(6bc15a51ef6c1c640a7e23296b1796b1) Importer(815301076,1909f56bfc062723c751e8b465ee728b)  -> (artifact id: '7442f1217c2142010b9d19ccdfb87160') in 0.009390 seconds 
Number of asset objects unloaded after import = 2
========================================================================
Received Import Request.
  Time since last request: 0.000023 seconds.
  path: Assets/Icons/buffs/gold2.png
  artifactKey: Guid(575133b89ddbb7b4e8e4e5a08c1951b2) Importer(815301076,1909f56bfc062723c751e8b465ee728b)
Number of updated assets reloaded before import = 0
Start importing Assets/Icons/buffs/gold2.png using Guid(575133b89ddbb7b4e8e4e5a08c1951b2) Importer(815301076,1909f56bfc062723c751e8b465ee728b)  -> (artifact id: '13afd00cf08acb43bb1149f171cf39e4') in 0.009386 seconds 
Number of asset objects unloaded after import = 2
========================================================================
Received Import Request.
  Time since last request: 0.000029 seconds.
  path: Assets/Icons/buffs/purple10.png
  artifactKey: Guid(e2e61adc224608f49acc2b7f90c3ef7f) Importer(815301076,1909f56bfc062723c751e8b465ee728b)
Number of updated assets reloaded before import = 0
Start importing Assets/Icons/buffs/purple10.png using Guid(e2e61adc224608f49acc2b7f90c3ef7f) Importer(815301076,1909f56bfc062723c751e8b465ee728b)  -> (artifact id: '7095826ec437959c6d5ed4992213df80') in 0.008821 seconds 
Number of asset objects unloaded after import = 2
========================================================================
Received Import Request.
  Time since last request: 0.000022 seconds.
  path: Assets/Icons/buffs/purple7.png
  artifactKey: Guid(4d39856a87bc2c549859c4a82bb8e4a7) Importer(815301076,1909f56bfc062723c751e8b465ee728b)
Number of updated assets reloaded before import = 0
Start importing Assets/Icons/buffs/purple7.png using Guid(4d39856a87bc2c549859c4a82bb8e4a7) Importer(815301076,1909f56bfc062723c751e8b465ee728b)  -> (artifact id: 'ae98b2377572e8924be3b5706e3b744a') in 0.009793 seconds 
Number of asset objects unloaded after import = 2
========================================================================
Received Import Request.
  Time since last request: 0.000021 seconds.
  path: Assets/Icons/buffs/gold1.png
  artifactKey: Guid(03847be4a9676634c9084355cd626c82) Importer(815301076,1909f56bfc062723c751e8b465ee728b)
Number of updated assets reloaded before import = 0
Start importing Assets/Icons/buffs/gold1.png using Guid(03847be4a9676634c9084355cd626c82) Importer(815301076,1909f56bfc062723c751e8b465ee728b)  -> (artifact id: '2776bd65786af0c6cc9f9b7d6b1bc515') in 0.010748 seconds 
Number of asset objects unloaded after import = 2
Editor requested this worker to shutdown with reason: Scaling down because of idle timeout
TcpMessagingSession - receive error: operation aborted. errorcode: 995, details: Îďĺđŕöč˙ ââîäŕ/âűâîäŕ áűëŕ ďđĺđâŕíŕ čç-çŕ çŕâĺđřĺíč˙ ďîňîęŕ ęîěŕíä čëč ďî çŕďđîńó ďđčëîćĺíč˙.
AssetImportWorker is now disconnected from the server
Process exiting
Exiting without the bug reporter. Application will terminate with return code 0