Using pre-set license
Built from '2022.2/release' branch; Version is '2022.2.1f1 (4fead5835099) revision 5237461'; Using compiler version '192829333'; Build Type 'Release'
OS: 'Windows 10  (10.0.19045) 64bit Professional' Language: 'ru' Physical Memory: 32754 MB
BatchMode: 1, IsHumanControllingUs: 0, StartBugReporterOnCrash: 0, Is64bit: 1, IsPro: 1

COMMAND LINE ARGUMENTS:
C:\Program Files\Unity\Hub\Editor\2022.2.1f1\Editor\Unity.exe
-adb2
-batchMode
-noUpm
-name
AssetImportWorker0
-projectPath
C:/GitHub/unity-Swamp-Defender-main/Swamp-Defender/ShrekGame/Swamp-Defender
-logFile
Logs/AssetImportWorker0.log
-srvPort
2352
Successfully changed project path to: C:/GitHub/unity-Swamp-Defender-main/Swamp-Defender/ShrekGame/Swamp-Defender
C:/GitHub/unity-Swamp-Defender-main/Swamp-Defender/ShrekGame/Swamp-Defender
[UnityMemory] Configuration Parameters - Can be set up in boot.config
    "memorysetup-bucket-allocator-granularity=16"
    "memorysetup-bucket-allocator-bucket-count=8"
    "memorysetup-bucket-allocator-block-size=33554432"
    "memorysetup-bucket-allocator-block-count=8"
    "memorysetup-main-allocator-block-size=16777216"
    "memorysetup-thread-allocator-block-size=16777216"
    "memorysetup-gfx-main-allocator-block-size=16777216"
    "memorysetup-gfx-thread-allocator-block-size=16777216"
    "memorysetup-cache-allocator-block-size=4194304"
    "memorysetup-typetree-allocator-block-size=2097152"
    "memorysetup-profiler-bucket-allocator-granularity=16"
    "memorysetup-profiler-bucket-allocator-bucket-count=8"
    "memorysetup-profiler-bucket-allocator-block-size=33554432"
    "memorysetup-profiler-bucket-allocator-block-count=8"
    "memorysetup-profiler-allocator-block-size=16777216"
    "memorysetup-profiler-editor-allocator-block-size=1048576"
    "memorysetup-temp-allocator-size-main=16777216"
    "memorysetup-job-temp-allocator-block-size=2097152"
    "memorysetup-job-temp-allocator-block-size-background=1048576"
    "memorysetup-job-temp-allocator-reduction-small-platforms=262144"
    "memorysetup-temp-allocator-size-background-worker=32768"
    "memorysetup-temp-allocator-size-job-worker=262144"
    "memorysetup-temp-allocator-size-preload-manager=33554432"
    "memorysetup-temp-allocator-size-nav-mesh-worker=65536"
    "memorysetup-temp-allocator-size-audio-worker=65536"
    "memorysetup-temp-allocator-size-cloud-worker=32768"
    "memorysetup-temp-allocator-size-gi-baking-worker=262144"
    "memorysetup-temp-allocator-size-gfx=262144"
Player connection [7232] Host "[IP] 192.168.68.104 [Port] 0 [Flags] 2 [Guid] 1944304425 [EditorId] 1944304425 [Version] 1048832 [Id] WindowsEditor(7,DESKTOP-DF8069A) [Debug] 1 [PackageName] WindowsEditor [ProjectName] Editor" joined multi-casting on [225.0.0.222:54997]...

Player connection [7232] Host "[IP] 192.168.68.104 [Port] 0 [Flags] 2 [Guid] 1944304425 [EditorId] 1944304425 [Version] 1048832 [Id] WindowsEditor(7,DESKTOP-DF8069A) [Debug] 1 [PackageName] WindowsEditor [ProjectName] Editor" joined alternative multi-casting on [225.0.0.222:34997]...

Refreshing native plugins compatible for Editor in 23.81 ms, found 3 plugins.
Preloading 0 native plugins for Editor in 0.00 ms.
Initialize engine version: 2022.2.1f1 (4fead5835099)
[Subsystems] Discovering subsystems at path C:/Program Files/Unity/Hub/Editor/2022.2.1f1/Editor/Data/Resources/UnitySubsystems
[Subsystems] Discovering subsystems at path C:/GitHub/unity-Swamp-Defender-main/Swamp-Defender/ShrekGame/Swamp-Defender/Assets
GfxDevice: creating device client; threaded=0; jobified=0
Direct3D:
    Version:  Direct3D 11.0 [level 11.1]
    Renderer: AMD Radeon RX 6600 (ID=0x73ff)
    Vendor:   ATI
    VRAM:     8147 MB
    Driver:   31.0.22023.1014
Initialize mono
Mono path[0] = 'C:/Program Files/Unity/Hub/Editor/2022.2.1f1/Editor/Data/Managed'
Mono path[1] = 'C:/Program Files/Unity/Hub/Editor/2022.2.1f1/Editor/Data/MonoBleedingEdge/lib/mono/unityjit-win32'
Mono config path = 'C:/Program Files/Unity/Hub/Editor/2022.2.1f1/Editor/Data/MonoBleedingEdge/etc'
Using monoOptions --debugger-agent=transport=dt_socket,embedding=1,server=y,suspend=n,address=127.0.0.1:56088
Begin MonoManager ReloadAssembly
Registering precompiled unity dll's ...
Register platform support module: C:/Program Files/Unity/Hub/Editor/2022.2.1f1/Editor/Data/PlaybackEngines/WindowsStandaloneSupport/UnityEditor.WindowsStandalone.Extensions.dll
Registered in 0.028998 seconds.
- Loaded All Assemblies, in  0.561 seconds
Native extension for WindowsStandalone target not found
Mono: successfully reloaded assembly
- Finished resetting the current domain, in  0.412 seconds
Domain Reload Profiling:
	ReloadAssembly (354ms)
		BeginReloadAssembly (143ms)
			ExecutionOrderSort (0ms)
			DisableScriptedObjects (0ms)
			BackupInstance (0ms)
			ReleaseScriptingObjects (0ms)
			CreateAndSetChildDomain (1ms)
		LoadAllAssembliesAndSetupDomain (0ms)
			LoadAssemblies (136ms)
			RebuildTransferFunctionScriptingTraits (0ms)
			SetupTypeCache (183ms)
				TypeCache.Initialize (182ms)
					TypeCache.ScanAssembly (180ms)
				ResolveRequiredComponents (1ms)
		FinalizeReload (0ms)
			ReleaseScriptCaches (0ms)
			RebuildScriptCaches (0ms)
			SetupLoadedEditorAssemblies (324ms)
				LogAssemblyErrors (0ms)
				InitializePlatformSupportModulesInManaged (20ms)
				SetLoadedEditorAssemblies (11ms)
				RefreshPlugins (0ms)
				BeforeProcessingInitializeOnLoad (2ms)
				ProcessInitializeOnLoadAttributes (215ms)
				ProcessInitializeOnLoadMethodAttributes (76ms)
				AfterProcessingInitializeOnLoad (0ms)
				EditorAssembliesLoaded (0ms)
			ExecutionOrderSort2 (0ms)
			AwakeInstancesAfterBackupRestoration (0ms)
========================================================================
Worker process is ready to serve import requests
Begin MonoManager ReloadAssembly
Symbol file LoadedFromMemory doesn't match image C:\GitHub\unity-Swamp-Defender-main\Swamp-Defender\ShrekGame\Swamp-Defender\Library\PackageCache\com.unity.visualscripting@1.7.8\Editor\VisualScripting.Core\Dependencies\YamlDotNet\Unity.VisualScripting.YamlDotNet.dll
Symbol file LoadedFromMemory doesn't match image C:\GitHub\unity-Swamp-Defender-main\Swamp-Defender\ShrekGame\Swamp-Defender\Library\PackageCache\com.unity.visualscripting@1.7.8\Editor\VisualScripting.Core\Dependencies\DotNetZip\Unity.VisualScripting.IonicZip.dll
- Loaded All Assemblies, in  1.154 seconds
Refreshing native plugins compatible for Editor in 9.31 ms, found 3 plugins.
Native extension for WindowsStandalone target not found
Mono: successfully reloaded assembly
- Finished resetting the current domain, in  0.846 seconds
Domain Reload Profiling:
	ReloadAssembly (372ms)
		BeginReloadAssembly (206ms)
			ExecutionOrderSort (0ms)
			DisableScriptedObjects (9ms)
			BackupInstance (0ms)
			ReleaseScriptingObjects (0ms)
			CreateAndSetChildDomain (26ms)
		LoadAllAssembliesAndSetupDomain (770ms)
			LoadAssemblies (166ms)
			RebuildTransferFunctionScriptingTraits (0ms)
			SetupTypeCache (697ms)
				TypeCache.Initialize (427ms)
					TypeCache.ScanAssembly (422ms)
				ResolveRequiredComponents (7ms)
		FinalizeReload (0ms)
			ReleaseScriptCaches (0ms)
			RebuildScriptCaches (0ms)
			SetupLoadedEditorAssemblies (620ms)
				LogAssemblyErrors (0ms)
				InitializePlatformSupportModulesInManaged (15ms)
				SetLoadedEditorAssemblies (11ms)
				RefreshPlugins (0ms)
				BeforeProcessingInitializeOnLoad (125ms)
				ProcessInitializeOnLoadAttributes (403ms)
				ProcessInitializeOnLoadMethodAttributes (39ms)
				AfterProcessingInitializeOnLoad (26ms)
				EditorAssembliesLoaded (0ms)
			ExecutionOrderSort2 (0ms)
			AwakeInstancesAfterBackupRestoration (12ms)
Launched and connected shader compiler UnityShaderCompiler.exe after 0.05 seconds
Refreshing native plugins compatible for Editor in 10.12 ms, found 3 plugins.
Preloading 0 native plugins for Editor in 0.00 ms.
Unloading 3487 Unused Serialized files (Serialized files now loaded: 0)
Unloading 26 unused Assets / (68.7 KB). Loaded Objects now: 3965.
Memory consumption went from 0.54 GB to 0.54 GB.
Total: 4.398900 ms (FindLiveObjects: 0.369300 ms CreateObjectMapping: 0.220100 ms MarkObjects: 3.691700 ms  DeleteObjects: 0.116700 ms)

AssetImportParameters requested are different than current active one (requested -> active):
  custom:container-demuxer-ogg: 62fdf1f143b41e24485cea50d1cbac27 -> 
  custom:video-decoder-ogg-theora: a1e56fd34408186e4bbccfd4996cb3dc -> 
  custom:framework-win-MediaFoundation: 216162199b28c13a410421893ffa2e32 -> 
  custom:container-demuxer-webm: 4f35f7cbe854078d1ac9338744f61a02 -> 
  custom:container-muxer-webm: aa71ff27fc2769a1b78a27578f13a17b -> 
  custom:video-decoder-webm-vp8: 9c59270c3fd7afecdb556c50c9e8de78 -> 
  custom:AudioImporter_EditorPlatform: d09bf68614088b80899f8185d706f6e7 -> 
  custom:video-encoder-webm-vp8: eb34c28f22e8b96e1ab97ce403110664 -> 
  custom:audio-decoder-ogg-vorbis: bf7c407c2cedff20999df2af8eb42d56 -> 
  custom:audio-encoder-webm-vorbis: bf7c407c2cedff20999df2af8eb42d56 -> 
========================================================================
Received Import Request.
  Time since last request: 2908.263321 seconds.
  path: Assets/New Terrain 1.asset
  artifactKey: Guid(ba6de69e868c55344a13dd9fb59c33a2) Importer(815301076,1909f56bfc062723c751e8b465ee728b)
Number of updated assets reloaded before import = 0
Start importing Assets/New Terrain 1.asset using Guid(ba6de69e868c55344a13dd9fb59c33a2) Importer(815301076,1909f56bfc062723c751e8b465ee728b) The tree OakTree-1 must use the Nature/Soft Occlusion shader. Otherwise billboarding/lighting will not work correctly.
The tree BirchTree-1 must use the Nature/Soft Occlusion shader. Otherwise billboarding/lighting will not work correctly.
The tree Rock-2 must use the Nature/Soft Occlusion shader. Otherwise billboarding/lighting will not work correctly.
The tree Bush-1 must use the Nature/Soft Occlusion shader. Otherwise billboarding/lighting will not work correctly.
The tree grass01 must use the Nature/Soft Occlusion shader. Otherwise billboarding/lighting will not work correctly.
 -> (artifact id: '8e7bda5ed4b7618b5e94aff662145092') in 0.140890 seconds 
Number of asset objects unloaded after import = 63
========================================================================
Received Import Request.
  Time since last request: 19.722087 seconds.
  path: Assets/Magical Potions and Effects
  artifactKey: Guid(f196aef3ea69e204ea1108730d31880d) Importer(815301076,1909f56bfc062723c751e8b465ee728b)
Number of updated assets reloaded before import = 0
Start importing Assets/Magical Potions and Effects using Guid(f196aef3ea69e204ea1108730d31880d) Importer(815301076,1909f56bfc062723c751e8b465ee728b)  -> (artifact id: '7670d6045ec959fceda3604cf12f72bf') in 0.002729 seconds 
Number of asset objects unloaded after import = 0
========================================================================
Received Import Request.
  Time since last request: 1.987422 seconds.
  path: Assets/Magical Potions and Effects/Support Assets
  artifactKey: Guid(2dc494dde81a7df4b90edf104ecae97c) Importer(815301076,1909f56bfc062723c751e8b465ee728b)
Number of updated assets reloaded before import = 0
Start importing Assets/Magical Potions and Effects/Support Assets using Guid(2dc494dde81a7df4b90edf104ecae97c) Importer(815301076,1909f56bfc062723c751e8b465ee728b)  -> (artifact id: '5beeda51b7bff540e9915bf4f3604a09') in 0.002741 seconds 
Number of asset objects unloaded after import = 0
========================================================================
Received Import Request.
  Time since last request: 0.047597 seconds.
  path: Assets/Magical Potions and Effects/Support Assets/Background.png
  artifactKey: Guid(42ded861cff59d14ebed8ad57b99dcfc) Importer(815301076,1909f56bfc062723c751e8b465ee728b)
Number of updated assets reloaded before import = 0
Start importing Assets/Magical Potions and Effects/Support Assets/Background.png using Guid(42ded861cff59d14ebed8ad57b99dcfc) Importer(815301076,1909f56bfc062723c751e8b465ee728b)  -> (artifact id: '56093d93d8d8bc1be5644f626e1dcea6') in 0.219499 seconds 
Number of asset objects unloaded after import = 3
========================================================================
Received Import Request.
  Time since last request: 0.000023 seconds.
  path: Assets/Magical Potions and Effects/Support Assets/Frame.png
  artifactKey: Guid(a79db2c698458c848a2539be2a6de724) Importer(815301076,1909f56bfc062723c751e8b465ee728b)
Number of updated assets reloaded before import = 0
Start importing Assets/Magical Potions and Effects/Support Assets/Frame.png using Guid(a79db2c698458c848a2539be2a6de724) Importer(815301076,1909f56bfc062723c751e8b465ee728b)  -> (artifact id: 'cf1e5a7b29108d4ec1c98a61f6e2cbd1') in 0.016196 seconds 
Number of asset objects unloaded after import = 3
========================================================================
Received Import Request.
  Time since last request: 0.000030 seconds.
  path: Assets/Magical Potions and Effects/Support Assets/Light Effect Particle.png
  artifactKey: Guid(7fa8b7ac3a583c040b61a5b9f7cb852a) Importer(815301076,1909f56bfc062723c751e8b465ee728b)
Number of updated assets reloaded before import = 0
Start importing Assets/Magical Potions and Effects/Support Assets/Light Effect Particle.png using Guid(7fa8b7ac3a583c040b61a5b9f7cb852a) Importer(815301076,1909f56bfc062723c751e8b465ee728b)  -> (artifact id: '226d0a44594960c021b11da6611bd163') in 0.015312 seconds 
Number of asset objects unloaded after import = 3
========================================================================
Received Import Request.
  Time since last request: 0.000018 seconds.
  path: Assets/Magical Potions and Effects/Support Assets/Immunity Area Effect - Particle Health.png
  artifactKey: Guid(ebcec635be213bb48bc0edeb74d89c43) Importer(815301076,1909f56bfc062723c751e8b465ee728b)
Number of updated assets reloaded before import = 0
Start importing Assets/Magical Potions and Effects/Support Assets/Immunity Area Effect - Particle Health.png using Guid(ebcec635be213bb48bc0edeb74d89c43) Importer(815301076,1909f56bfc062723c751e8b465ee728b)  -> (artifact id: '509ed6f8264b2c5cf37a49cfa5b2cdff') in 0.012088 seconds 
Number of asset objects unloaded after import = 3
========================================================================
Received Import Request.
  Time since last request: 0.000019 seconds.
  path: Assets/Magical Potions and Effects/Support Assets/Potion Area Effect.png
  artifactKey: Guid(b97d49fe695e0f044a3f908d8bf8494f) Importer(815301076,1909f56bfc062723c751e8b465ee728b)
Number of updated assets reloaded before import = 0
Start importing Assets/Magical Potions and Effects/Support Assets/Potion Area Effect.png using Guid(b97d49fe695e0f044a3f908d8bf8494f) Importer(815301076,1909f56bfc062723c751e8b465ee728b)  -> (artifact id: 'fa2135ad3065403e93e8ae4184960eae') in 0.017002 seconds 
Number of asset objects unloaded after import = 3
========================================================================
Received Import Request.
  Time since last request: 0.000021 seconds.
  path: Assets/Magical Potions and Effects/Support Assets/Circle.png
  artifactKey: Guid(33201e74a2fda4e40b2d798aa6abf237) Importer(815301076,1909f56bfc062723c751e8b465ee728b)
Number of updated assets reloaded before import = 0
Start importing Assets/Magical Potions and Effects/Support Assets/Circle.png using Guid(33201e74a2fda4e40b2d798aa6abf237) Importer(815301076,1909f56bfc062723c751e8b465ee728b)  -> (artifact id: '0194caf3119e79011174a5b890ec53c4') in 0.012389 seconds 
Number of asset objects unloaded after import = 3
========================================================================
Received Import Request.
  Time since last request: 2.122097 seconds.
  path: Assets/Magical Potions and Effects/Potions Sprites (without background)
  artifactKey: Guid(329e020aa5a039f49bb694bb71bff0dd) Importer(815301076,1909f56bfc062723c751e8b465ee728b)
Number of updated assets reloaded before import = 0
Start importing Assets/Magical Potions and Effects/Potions Sprites (without background) using Guid(329e020aa5a039f49bb694bb71bff0dd) Importer(815301076,1909f56bfc062723c751e8b465ee728b)  -> (artifact id: 'b3cee044e06ab731d5aba06ca904605a') in 0.002942 seconds 
Number of asset objects unloaded after import = 0
========================================================================
Received Import Request.
  Time since last request: 1.581329 seconds.
  path: Assets/Magical Potions and Effects/Potions Sprites (with background)
  artifactKey: Guid(cec461712ee690c4b8c936132aad86fc) Importer(815301076,1909f56bfc062723c751e8b465ee728b)
Number of updated assets reloaded before import = 0
Start importing Assets/Magical Potions and Effects/Potions Sprites (with background) using Guid(cec461712ee690c4b8c936132aad86fc) Importer(815301076,1909f56bfc062723c751e8b465ee728b)  -> (artifact id: '543d124af48118fa7441f50a11ba3d1c') in 0.002875 seconds 
Number of asset objects unloaded after import = 0
========================================================================
Received Import Request.
  Time since last request: 4.033369 seconds.
  path: Assets/Animation/Jog Strafe Left.fbx
  artifactKey: Guid(9158639996a1e4a4fbe0a94c718d0b98) Importer(815301076,1909f56bfc062723c751e8b465ee728b)
Number of updated assets reloaded before import = 0
Start importing Assets/Animation/Jog Strafe Left.fbx using Guid(9158639996a1e4a4fbe0a94c718d0b98) Importer(815301076,1909f56bfc062723c751e8b465ee728b)  -> (artifact id: '5167e88e209ad948aebbfb651a89090f') in 0.025041 seconds 
Number of asset objects unloaded after import = 137
========================================================================
Received Import Request.
  Time since last request: 0.000023 seconds.
  path: Assets/Animation/Right Cover Sneak (1).fbx
  artifactKey: Guid(7b1c9706a93e7e346b0f5002fc9c29ff) Importer(815301076,1909f56bfc062723c751e8b465ee728b)
Number of updated assets reloaded before import = 0
Start importing Assets/Animation/Right Cover Sneak (1).fbx using Guid(7b1c9706a93e7e346b0f5002fc9c29ff) Importer(815301076,1909f56bfc062723c751e8b465ee728b)  -> (artifact id: '0c7438cdaade069a008666ed124abcbd') in 0.009206 seconds 
Number of asset objects unloaded after import = 137
========================================================================
Received Import Request.
  Time since last request: 0.000022 seconds.
  path: Assets/Animation/Right Cover Sneak (1) 1.fbx
  artifactKey: Guid(b6825f5bb20a6c5488cc2e58323c7563) Importer(815301076,1909f56bfc062723c751e8b465ee728b)
Number of updated assets reloaded before import = 0
Start importing Assets/Animation/Right Cover Sneak (1) 1.fbx using Guid(b6825f5bb20a6c5488cc2e58323c7563) Importer(815301076,1909f56bfc062723c751e8b465ee728b)  -> (artifact id: '57c2d898836c8ab4b0110114897691d7') in 0.010516 seconds 
Number of asset objects unloaded after import = 135
========================================================================
Received Import Request.
  Time since last request: 0.000023 seconds.
  path: Assets/Animation/Left Strafe Walking.fbx
  artifactKey: Guid(7676b9db8274f8a478e9056e4ef02206) Importer(815301076,1909f56bfc062723c751e8b465ee728b)
Number of updated assets reloaded before import = 0
Start importing Assets/Animation/Left Strafe Walking.fbx using Guid(7676b9db8274f8a478e9056e4ef02206) Importer(815301076,1909f56bfc062723c751e8b465ee728b)  -> (artifact id: '3bb01c32ab011b7eff2cda5736278f8b') in 0.009124 seconds 
Number of asset objects unloaded after import = 137
Editor requested this worker to shutdown with reason: Scaling down because of idle timeout
TcpMessagingSession - receive error: operation aborted. errorcode: 995, details: Îďĺđŕöč˙ ââîäŕ/âűâîäŕ áűëŕ ďđĺđâŕíŕ čç-çŕ çŕâĺđřĺíč˙ ďîňîęŕ ęîěŕíä čëč ďî çŕďđîńó ďđčëîćĺíč˙.
AssetImportWorker is now disconnected from the server
Process exiting
Exiting without the bug reporter. Application will terminate with return code 0